c:\users\vivenes\documents\vs proyects\ej1\project2\project2\x64\debug\vc143.pdb
c:\users\vivenes\documents\vs proyects\ej1\project2\project2\x64\debug\.netframework,version=v4.7.2.assemblyattributes.obj
c:\users\vivenes\documents\vs proyects\ej1\project2\project2\x64\debug\source.obj
c:\users\vivenes\documents\vs proyects\ej1\project2\project2\x64\debug\myform.obj
c:\users\vivenes\documents\vs proyects\ej1\project2\project2\x64\debug\lsb.obj
c:\users\vivenes\documents\vs proyects\ej1\project2\project2\x64\debug\cripto.obj
c:\users\vivenes\documents\vs proyects\ej1\project2\x64\debug\project2.exe
c:\users\vivenes\documents\vs proyects\ej1\project2\x64\debug\project2.pdb
c:\users\vivenes\documents\vs proyects\ej1\project2\project2\x64\debug\project2.tlog\cl.command.1.tlog
c:\users\vivenes\documents\vs proyects\ej1\project2\project2\x64\debug\project2.tlog\cl.items.tlog
c:\users\vivenes\documents\vs proyects\ej1\project2\project2\x64\debug\project2.tlog\cl.read.1.tlog
c:\users\vivenes\documents\vs proyects\ej1\project2\project2\x64\debug\project2.tlog\cl.write.1.tlog
c:\users\vivenes\documents\vs proyects\ej1\project2\project2\x64\debug\project2.tlog\link.24268-cvtres.read.1.tlog
c:\users\vivenes\documents\vs proyects\ej1\project2\project2\x64\debug\project2.tlog\link.24268-cvtres.write.1.tlog
c:\users\vivenes\documents\vs proyects\ej1\project2\project2\x64\debug\project2.tlog\link.24268-rc.read.1.tlog
c:\users\vivenes\documents\vs proyects\ej1\project2\project2\x64\debug\project2.tlog\link.24268-rc.write.1.tlog
c:\users\vivenes\documents\vs proyects\ej1\project2\project2\x64\debug\project2.tlog\link.24268.read.1.tlog
c:\users\vivenes\documents\vs proyects\ej1\project2\project2\x64\debug\project2.tlog\link.24268.read.2.tlog
c:\users\vivenes\documents\vs proyects\ej1\project2\project2\x64\debug\project2.tlog\link.24268.write.1.tlog
c:\users\vivenes\documents\vs proyects\ej1\project2\project2\x64\debug\project2.tlog\link.6884-cvtres.read.1.tlog
c:\users\vivenes\documents\vs proyects\ej1\project2\project2\x64\debug\project2.tlog\link.6884-cvtres.write.1.tlog
c:\users\vivenes\documents\vs proyects\ej1\project2\project2\x64\debug\project2.tlog\link.6884-rc.read.1.tlog
c:\users\vivenes\documents\vs proyects\ej1\project2\project2\x64\debug\project2.tlog\link.6884-rc.write.1.tlog
c:\users\vivenes\documents\vs proyects\ej1\project2\project2\x64\debug\project2.tlog\link.6884.read.1.tlog
c:\users\vivenes\documents\vs proyects\ej1\project2\project2\x64\debug\project2.tlog\link.6884.read.2.tlog
c:\users\vivenes\documents\vs proyects\ej1\project2\project2\x64\debug\project2.tlog\link.6884.write.1.tlog
c:\users\vivenes\documents\vs proyects\ej1\project2\project2\x64\debug\project2.tlog\link.8172-cvtres.read.1.tlog
c:\users\vivenes\documents\vs proyects\ej1\project2\project2\x64\debug\project2.tlog\link.8172-cvtres.write.1.tlog
c:\users\vivenes\documents\vs proyects\ej1\project2\project2\x64\debug\project2.tlog\link.8172-rc.read.1.tlog
c:\users\vivenes\documents\vs proyects\ej1\project2\project2\x64\debug\project2.tlog\link.8172-rc.write.1.tlog
c:\users\vivenes\documents\vs proyects\ej1\project2\project2\x64\debug\project2.tlog\link.8172.read.1.tlog
c:\users\vivenes\documents\vs proyects\ej1\project2\project2\x64\debug\project2.tlog\link.8172.read.2.tlog
c:\users\vivenes\documents\vs proyects\ej1\project2\project2\x64\debug\project2.tlog\link.8172.write.1.tlog
c:\users\vivenes\documents\vs proyects\ej1\project2\project2\x64\debug\project2.tlog\link.command.1.tlog
c:\users\vivenes\documents\vs proyects\ej1\project2\project2\x64\debug\project2.tlog\link.read.1.tlog
c:\users\vivenes\documents\vs proyects\ej1\project2\project2\x64\debug\project2.tlog\link.read.2.tlog
c:\users\vivenes\documents\vs proyects\ej1\project2\project2\x64\debug\project2.tlog\link.secondary.1.tlog
c:\users\vivenes\documents\vs proyects\ej1\project2\project2\x64\debug\project2.tlog\link.write.1.tlog
c:\users\vivenes\documents\vs proyects\ej1\project2\project2\x64\debug\project2.tlog\metagen.read.1.tlog
c:\users\vivenes\documents\vs proyects\ej1\project2\project2\x64\debug\project2.tlog\metagen.write.1.tlog
c:\users\vivenes\documents\vs proyects\ej1\project2\project2\x64\debug\project2.tlog\resgen.command.1.tlog
c:\users\vivenes\documents\vs proyects\ej1\project2\project2\x64\debug\project2.tlog\resgen.read.1.tlog
c:\users\vivenes\documents\vs proyects\ej1\project2\project2\x64\debug\project2.tlog\resgen.write.1.tlog
